
2024-11-17 15:32:32 - Начат процесс сбора информации о содержимом директории D:\opt
2024-11-17 15:32:32 - Name: app, Extension: , Is directory: True, Parrent directory: opt
2024-11-17 15:32:32 - Name: keys, Extension: , Is directory: True, Parrent directory: app
2024-11-17 15:32:32 - Name: private_key, Extension: pem, Is directory: False, Parrent directory: keys
2024-11-17 15:32:32 - Name: public_key, Extension: pem, Is directory: False, Parrent directory: keys
2024-11-17 15:32:32 - Процесс сбора информации закончен
2024-11-17 15:33:30 - Начат процесс сбора информации о содержимом директории D:\Библиотеки
2024-11-17 15:33:30 - Name: Для дома, Extension: , Is directory: True, Parrent directory: Библиотеки
2024-11-17 15:33:30 - Name: 042 Встроенная мебель, Extension: BLF, Is directory: False, Parrent directory: Для дома
2024-11-17 15:33:30 - Name: 050 Мебель, Extension: BLF, Is directory: False, Parrent directory: Для дома
2024-11-17 15:33:30 - Name: 050 Мебель2, Extension: BLF, Is directory: False, Parrent directory: Для дома
2024-11-17 15:33:30 - Name: 051 Зашивка и двери, Extension: BLF, Is directory: False, Parrent directory: Для дома
2024-11-17 15:33:30 - Name: 065 Мебель, Extension: BLF, Is directory: False, Parrent directory: Для дома
2024-11-17 15:33:30 - Name: 078 Зеркало, Extension: BLF, Is directory: False, Parrent directory: Для дома
2024-11-17 15:33:30 - Name: 083 Встроенный шкаф 3,8х2,5х0,4, Extension: BLF, Is directory: False, Parrent directory: Для дома
2024-11-17 15:33:30 - Name: 086 Дверь, Extension: BLF, Is directory: False, Parrent directory: Для дома
2024-11-17 15:33:30 - Name: 111 Жилая комната, Extension: BLF, Is directory: False, Parrent directory: Для дома
2024-11-17 15:33:30 - Name: 146 Книжный модуль, Extension: BLF, Is directory: False, Parrent directory: Для дома
2024-11-17 15:33:30 - Name: 154 Комната, Extension: BLF, Is directory: False, Parrent directory: Для дома
2024-11-17 15:33:30 - Name: 188 Колонка угловая, Extension: BLF, Is directory: False, Parrent directory: Для дома
2024-11-17 15:33:30 - Name: 241 Конторка, Extension: BLF, Is directory: False, Parrent directory: Для дома
2024-11-17 15:33:30 - Name: 254 Подставка, Extension: BLF, Is directory: False, Parrent directory: Для дома
2024-11-17 15:33:30 - Name: 323 Тележка, Extension: BLF, Is directory: False, Parrent directory: Для дома
2024-11-17 15:33:30 - Name: 336 Гостиная(Зашивки), Extension: blf, Is directory: False, Parrent directory: Для дома
2024-11-17 15:33:30 - Name: 393 Дверь межкомнатная, Extension: blf, Is directory: False, Parrent directory: Для дома
2024-11-17 15:33:30 - Name: 428 Ящик, Extension: blf, Is directory: False, Parrent directory: Для дома
2024-11-17 15:33:30 - Name: Детские, Extension: , Is directory: True, Parrent directory: Для дома
2024-11-17 15:33:30 - Name: 072 Детская комната, Extension: BLF, Is directory: False, Parrent directory: Детские
2024-11-17 15:33:30 - Name: 120 Детская, Extension: BLF, Is directory: False, Parrent directory: Детские
2024-11-17 15:33:30 - Name: 136 Детская мебель, Extension: BLF, Is directory: False, Parrent directory: Детские
2024-11-17 15:33:30 - Name: 336 Детская, Extension: blf, Is directory: False, Parrent directory: Детские
2024-11-17 15:33:30 - Name: 468 Детская лв, Extension: blf, Is directory: False, Parrent directory: Детские
2024-11-17 15:33:30 - Name: 468 Детская пр, Extension: blf, Is directory: False, Parrent directory: Детские
2024-11-17 15:33:30 - Name: 481 Детская, Extension: blf, Is directory: False, Parrent directory: Детские
2024-11-17 15:33:30 - Name: 482 Детская, Extension: blf, Is directory: False, Parrent directory: Детские
2024-11-17 15:33:30 - Name: 508 Детская, Extension: blf, Is directory: False, Parrent directory: Детские
2024-11-17 15:33:30 - Name: 661 Детская, Extension: blf, Is directory: False, Parrent directory: Детские
2024-11-17 15:33:30 - Name: 742 Детская, Extension: blf, Is directory: False, Parrent directory: Детские
2024-11-17 15:33:30 - Name: Полки, Extension: , Is directory: True, Parrent directory: Для дома
2024-11-17 15:33:30 - Name: 154 Полка книжная, Extension: BLF, Is directory: False, Parrent directory: Полки
2024-11-17 15:33:30 - Name: 157 Полка книжная, Extension: BLF, Is directory: False, Parrent directory: Полки
2024-11-17 15:33:30 - Name: 333 Полки книжные, Extension: BLF, Is directory: False, Parrent directory: Полки
2024-11-17 15:33:30 - Name: 422 Полка под цветы, Extension: blf, Is directory: False, Parrent directory: Полки
2024-11-17 15:33:30 - Name: 495 Полка, Extension: blf, Is directory: False, Parrent directory: Полки
2024-11-17 15:33:30 - Name: Прихожие, Extension: , Is directory: True, Parrent directory: Для дома
2024-11-17 15:33:30 - Name: 049 Дверца для счетчика, Extension: BLF, Is directory: False, Parrent directory: Прихожие
2024-11-17 15:33:30 - Name: 055 Шкаф купе + тумба обувная, Extension: BLF, Is directory: False, Parrent directory: Прихожие
2024-11-17 15:33:30 - Name: 104 Прихожая П, Extension: BLF, Is directory: False, Parrent directory: Прихожие
2024-11-17 15:33:30 - Name: 104 Прихожая, Extension: BLF, Is directory: False, Parrent directory: Прихожие
2024-11-17 15:33:30 - Name: 135 Прижожая, Extension: BLF, Is directory: False, Parrent directory: Прихожие
2024-11-17 15:33:30 - Name: 154 Прихожая, Extension: BLF, Is directory: False, Parrent directory: Прихожие
2024-11-17 15:33:30 - Name: 166 Прихожая, Extension: BLF, Is directory: False, Parrent directory: Прихожие
2024-11-17 15:33:30 - Name: 169 Прихожая, Extension: BLF, Is directory: False, Parrent directory: Прихожие
2024-11-17 15:33:30 - Name: 187 Прихожая и книжный шкаф, Extension: BLF, Is directory: False, Parrent directory: Прихожие
2024-11-17 15:33:30 - Name: 202 Прихожая М, Extension: BLF, Is directory: False, Parrent directory: Прихожие
2024-11-17 15:33:30 - Name: 202 Прихожая, Extension: BLF, Is directory: False, Parrent directory: Прихожие
2024-11-17 15:33:30 - Name: 211 Кухня+Прихожая, Extension: BLF, Is directory: False, Parrent directory: Прихожие
2024-11-17 15:33:30 - Name: 212 Прихожая, Extension: BLF, Is directory: False, Parrent directory: Прихожие
2024-11-17 15:33:30 - Name: 221 Прихожая и шкаф купе, Extension: BLF, Is directory: False, Parrent directory: Прихожие
2024-11-17 15:33:30 - Name: 224 Прихожая, Extension: BLF, Is directory: False, Parrent directory: Прихожие
2024-11-17 15:33:30 - Name: 268 Прихожая, Extension: BLF, Is directory: False, Parrent directory: Прихожие
2024-11-17 15:33:30 - Name: 283 Прихожая и горка, Extension: BLF, Is directory: False, Parrent directory: Прихожие
2024-11-17 15:33:30 - Name: 314 Прихожая, Extension: BLF, Is directory: False, Parrent directory: Прихожие
2024-11-17 15:33:30 - Name: 334 Прихожая, Extension: BLF, Is directory: False, Parrent directory: Прихожие
2024-11-17 15:33:30 - Name: 336 Прихожая, Extension: blf, Is directory: False, Parrent directory: Прихожие
2024-11-17 15:33:30 - Name: 350 Прихожая, Extension: BLF, Is directory: False, Parrent directory: Прихожие
2024-11-17 15:33:30 - Name: 350 Прихожая2, Extension: BLF, Is directory: False, Parrent directory: Прихожие
2024-11-17 15:33:30 - Name: 401 Прихожая, Extension: blf, Is directory: False, Parrent directory: Прихожие
2024-11-17 15:33:30 - Name: 411 Прихожая, Extension: blf, Is directory: False, Parrent directory: Прихожие
2024-11-17 15:33:30 - Name: 411 Шкаф в Прих, Extension: blf, Is directory: False, Parrent directory: Прихожие
2024-11-17 15:33:30 - Name: 423 Прихожая, Extension: blf, Is directory: False, Parrent directory: Прихожие
2024-11-17 15:33:30 - Name: 435 Прихожая, Extension: blf, Is directory: False, Parrent directory: Прихожие
2024-11-17 15:33:30 - Name: 446 Прихожая, Extension: blf, Is directory: False, Parrent directory: Прихожие
2024-11-17 15:33:30 - Name: 473 Прихожая, Extension: blf, Is directory: False, Parrent directory: Прихожие
2024-11-17 15:33:30 - Name: 539 Прихожая, Extension: blf, Is directory: False, Parrent directory: Прихожие
2024-11-17 15:33:30 - Name: 541 Прихожая, Extension: blf, Is directory: False, Parrent directory: Прихожие
2024-11-17 15:33:30 - Name: 543 Прихожая, Extension: blf, Is directory: False, Parrent directory: Прихожие
2024-11-17 15:33:30 - Name: 544 Прихожая, Extension: blf, Is directory: False, Parrent directory: Прихожие
2024-11-17 15:33:30 - Name: 559 Прихожая, Extension: blf, Is directory: False, Parrent directory: Прихожие
2024-11-17 15:33:30 - Name: 563 Прихожая, Extension: blf, Is directory: False, Parrent directory: Прихожие
2024-11-17 15:33:30 - Name: 599 Прихожая, Extension: blf, Is directory: False, Parrent directory: Прихожие
2024-11-17 15:33:30 - Name: 690 Прихожая, Extension: blf, Is directory: False, Parrent directory: Прихожие
2024-11-17 15:33:30 - Name: 715 Прихожая, Extension: blf, Is directory: False, Parrent directory: Прихожие
2024-11-17 15:33:30 - Name: 716 Прихожая, Extension: blf, Is directory: False, Parrent directory: Прихожие
2024-11-17 15:33:30 - Name: 737 Прихожая, Extension: blf, Is directory: False, Parrent directory: Прихожие
2024-11-17 15:33:30 - Name: 747 Прихожая+комод, Extension: blf, Is directory: False, Parrent directory: Прихожие
2024-11-17 15:33:30 - Name: 779 Прихожая, Extension: blf, Is directory: False, Parrent directory: Прихожие
2024-11-17 15:33:30 - Name: 785 Прихожая, Extension: blf, Is directory: False, Parrent directory: Прихожие
2024-11-17 15:33:30 - Name: 819 Прихожая, Extension: blf, Is directory: False, Parrent directory: Прихожие
2024-11-17 15:33:30 - Name: 826 Прихожая, Extension: blf, Is directory: False, Parrent directory: Прихожие
2024-11-17 15:33:30 - Name: П47 Прихожие, Extension: BLF, Is directory: False, Parrent directory: Прихожие
2024-11-17 15:33:30 - Name: Спальни, Extension: , Is directory: True, Parrent directory: Для дома
2024-11-17 15:33:30 - Name: 064 Гарнитур спальный , Extension: BLF, Is directory: False, Parrent directory: Спальни
2024-11-17 15:33:30 - Name: 109 Спальня, Extension: BLF, Is directory: False, Parrent directory: Спальни
2024-11-17 15:33:30 - Name: 123 Спальня, Extension: BLF, Is directory: False, Parrent directory: Спальни
2024-11-17 15:33:30 - Name: 247 Спальня, Extension: BLF, Is directory: False, Parrent directory: Спальни
2024-11-17 15:33:30 - Name: 267 Спальня, Extension: BLF, Is directory: False, Parrent directory: Спальни
2024-11-17 15:33:30 - Name: 274 Кровати, Extension: BLF, Is directory: False, Parrent directory: Спальни
2024-11-17 15:33:30 - Name: 671 Спальня, Extension: blf, Is directory: False, Parrent directory: Спальни
2024-11-17 15:33:30 - Name: 689 Спальня, Extension: blf, Is directory: False, Parrent directory: Спальни
2024-11-17 15:33:30 - Name: 706 Кровать, Extension: blf, Is directory: False, Parrent directory: Спальни
2024-11-17 15:33:30 - Name: 780 Спальня, Extension: blf, Is directory: False, Parrent directory: Спальни
2024-11-17 15:33:30 - Name: Кровать, Extension: BLF, Is directory: False, Parrent directory: Спальни
2024-11-17 15:33:30 - Name: П46 Спальни, Extension: BLF, Is directory: False, Parrent directory: Спальни
2024-11-17 15:33:30 - Name: Стеллажи, Extension: , Is directory: True, Parrent directory: Для дома
2024-11-17 15:33:30 - Name: 233 Стелаж книжный, Extension: BLF, Is directory: False, Parrent directory: Стеллажи
2024-11-17 15:33:30 - Name: 250 Стеллаж и шкаф купе, Extension: BLF, Is directory: False, Parrent directory: Стеллажи
2024-11-17 15:33:30 - Name: 265 Стеллажи, Extension: BLF, Is directory: False, Parrent directory: Стеллажи
2024-11-17 15:33:30 - Name: 270 Стеллаж, Extension: BLF, Is directory: False, Parrent directory: Стеллажи
2024-11-17 15:33:30 - Name: 280 Стеллаж, Extension: BLF, Is directory: False, Parrent directory: Стеллажи
2024-11-17 15:33:30 - Name: 416 Стеллаж+комод, Extension: blf, Is directory: False, Parrent directory: Стеллажи
2024-11-17 15:33:30 - Name: Стенка, Extension: , Is directory: True, Parrent directory: Для дома
2024-11-17 15:33:30 - Name: 054 Горка, Extension: BLF, Is directory: False, Parrent directory: Стенка
2024-11-17 15:33:30 - Name: 120 Стенка, Extension: BLF, Is directory: False, Parrent directory: Стенка
2024-11-17 15:33:30 - Name: 152 Стенка, Extension: BLF, Is directory: False, Parrent directory: Стенка
2024-11-17 15:33:30 - Name: 255 Стенка, Extension: BLF, Is directory: False, Parrent directory: Стенка
2024-11-17 15:33:30 - Name: 336 Гостиная(Стенка), Extension: blf, Is directory: False, Parrent directory: Стенка
2024-11-17 15:33:30 - Name: 354 Стенка, Extension: BLF, Is directory: False, Parrent directory: Стенка
2024-11-17 15:33:30 - Name: 366 Стенка+ Столы, Extension: BLF, Is directory: False, Parrent directory: Стенка
2024-11-17 15:33:30 - Name: 383 Стенка, Extension: BLF, Is directory: False, Parrent directory: Стенка
2024-11-17 15:33:30 - Name: 445 Стенка, Extension: blf, Is directory: False, Parrent directory: Стенка
2024-11-17 15:33:30 - Name: 490 Стенка, Extension: blf, Is directory: False, Parrent directory: Стенка
2024-11-17 15:33:30 - Name: Столы, Extension: , Is directory: True, Parrent directory: Для дома
2024-11-17 15:33:30 - Name: 079 Стол обеденный, Extension: BLF, Is directory: False, Parrent directory: Столы
2024-11-17 15:33:30 - Name: 186 Рабочее место, Extension: BLF, Is directory: False, Parrent directory: Столы
2024-11-17 15:33:30 - Name: 207 Рабочее место, Extension: BLF, Is directory: False, Parrent directory: Столы
2024-11-17 15:33:30 - Name: 225 Стол раздвижной, Extension: BLF, Is directory: False, Parrent directory: Столы
2024-11-17 15:33:30 - Name: 242 Стол составной, Extension: BLF, Is directory: False, Parrent directory: Столы
2024-11-17 15:33:30 - Name: 255 Стол, Extension: BLF, Is directory: False, Parrent directory: Столы
2024-11-17 15:33:30 - Name: 284 Столы, Extension: BLF, Is directory: False, Parrent directory: Столы
2024-11-17 15:33:30 - Name: 321 Стол, Extension: BLF, Is directory: False, Parrent directory: Столы
2024-11-17 15:33:30 - Name: 363 Рабочее место, Extension: BLF, Is directory: False, Parrent directory: Столы
2024-11-17 15:33:30 - Name: 365 Стойка оператора, Extension: blf, Is directory: False, Parrent directory: Столы
2024-11-17 15:33:30 - Name: 371 ОМ Рабочее место, Extension: blf, Is directory: False, Parrent directory: Столы
2024-11-17 15:33:30 - Name: 457 Стол обеденный, Extension: blf, Is directory: False, Parrent directory: Столы
2024-11-17 15:33:30 - Name: П44 ЖК, Extension: BLF, Is directory: False, Parrent directory: Столы
2024-11-17 15:33:30 - Name: П45 Столы журнальные, Extension: BLF, Is directory: False, Parrent directory: Столы
2024-11-17 15:33:30 - Name: Стол однотумбовый, Extension: BLF, Is directory: False, Parrent directory: Столы
2024-11-17 15:33:30 - Name: Стол, Extension: BLF, Is directory: False, Parrent directory: Столы
2024-11-17 15:33:30 - Name: Столик журнальный радиусный, Extension: BLF, Is directory: False, Parrent directory: Столы
2024-11-17 15:33:30 - Name: Тумбы, Extension: , Is directory: True, Parrent directory: Для дома
2024-11-17 15:33:30 - Name: 151 Тумба под аквариум, Extension: BLF, Is directory: False, Parrent directory: Тумбы
2024-11-17 15:33:30 - Name: 154 Тумба под ТВ, Extension: BLF, Is directory: False, Parrent directory: Тумбы
2024-11-17 15:33:30 - Name: 155 Тумба для белья, Extension: BLF, Is directory: False, Parrent directory: Тумбы
2024-11-17 15:33:30 - Name: 174 Тумба 4 шт (3+1), Extension: BLF, Is directory: False, Parrent directory: Тумбы
2024-11-17 15:33:30 - Name: 175 Тумба под TV, Extension: BLF, Is directory: False, Parrent directory: Тумбы
2024-11-17 15:33:30 - Name: 189 Тумба для TV и AUDIO, Extension: BLF, Is directory: False, Parrent directory: Тумбы
2024-11-17 15:33:30 - Name: 197 Тумба под ТВ, Extension: BLF, Is directory: False, Parrent directory: Тумбы
2024-11-17 15:33:30 - Name: 198 Тумба прикроватная, Extension: BLF, Is directory: False, Parrent directory: Тумбы
2024-11-17 15:33:30 - Name: 245 Тумба под TV, Extension: BLF, Is directory: False, Parrent directory: Тумбы
2024-11-17 15:33:30 - Name: 282 Тумба для ТВ, Extension: BLF, Is directory: False, Parrent directory: Тумбы
2024-11-17 15:33:30 - Name: 292 Тумба-полка, Extension: BLF, Is directory: False, Parrent directory: Тумбы
2024-11-17 15:33:30 - Name: 299 Тумбы, Extension: BLF, Is directory: False, Parrent directory: Тумбы
2024-11-17 15:33:30 - Name: 320 Тумба под ТВ и ящики, Extension: BLF, Is directory: False, Parrent directory: Тумбы
2024-11-17 15:33:30 - Name: 331Тумба под тв, Extension: BLF, Is directory: False, Parrent directory: Тумбы
2024-11-17 15:33:30 - Name: 338 Тумба угловая и зеркало, Extension: BLF, Is directory: False, Parrent directory: Тумбы
2024-11-17 15:33:30 - Name: 412 Тумба ТВ, Extension: blf, Is directory: False, Parrent directory: Тумбы
2024-11-17 15:33:30 - Name: 460 Тумбочки, Extension: blf, Is directory: False, Parrent directory: Тумбы
2024-11-17 15:33:30 - Name: 463 Тумба под TV, Extension: blf, Is directory: False, Parrent directory: Тумбы
2024-11-17 15:33:30 - Name: 489 Тумба, Extension: blf, Is directory: False, Parrent directory: Тумбы
2024-11-17 15:33:30 - Name: Тумбочка и вставка, Extension: BLF, Is directory: False, Parrent directory: Тумбы
2024-11-17 15:33:30 - Name: Кухни, Extension: , Is directory: True, Parrent directory: Библиотеки
2024-11-17 15:33:30 - Name: 001_52 Мойки, Extension: $$$bln, Is directory: False, Parrent directory: Кухни
2024-11-17 15:33:30 - Name: 041 Кухня, Extension: BLF, Is directory: False, Parrent directory: Кухни
2024-11-17 15:33:30 - Name: 082 Стойка кухонная, Extension: BLF, Is directory: False, Parrent directory: Кухни
2024-11-17 15:33:30 - Name: 088 Кухня, Extension: BLF, Is directory: False, Parrent directory: Кухни
2024-11-17 15:33:30 - Name: 088 Кухня2, Extension: BLF, Is directory: False, Parrent directory: Кухни
2024-11-17 15:33:30 - Name: 090 Уголок кухонный, Extension: BLF, Is directory: False, Parrent directory: Кухни
2024-11-17 15:33:30 - Name: 096 Кухня, Extension: BLF, Is directory: False, Parrent directory: Кухни
2024-11-17 15:33:30 - Name: 100 Кухня, Extension: BLF, Is directory: False, Parrent directory: Кухни
2024-11-17 15:33:30 - Name: 107 Кухня, Extension: BLF, Is directory: False, Parrent directory: Кухни
2024-11-17 15:33:30 - Name: 129 Кухня, Extension: BLF, Is directory: False, Parrent directory: Кухни
2024-11-17 15:33:30 - Name: 142 Кухня, Extension: BLF, Is directory: False, Parrent directory: Кухни
2024-11-17 15:33:30 - Name: 153 Кухня, Extension: BLF, Is directory: False, Parrent directory: Кухни
2024-11-17 15:33:30 - Name: 168 Кухня, Extension: BLF, Is directory: False, Parrent directory: Кухни
2024-11-17 15:33:30 - Name: 171 Кухня, Extension: BLF, Is directory: False, Parrent directory: Кухни
2024-11-17 15:33:30 - Name: 173 Кухня, Extension: BLF, Is directory: False, Parrent directory: Кухни
2024-11-17 15:33:30 - Name: 185 Кухня, Extension: BLF, Is directory: False, Parrent directory: Кухни
2024-11-17 15:33:30 - Name: 202 Кухня, Extension: BLF, Is directory: False, Parrent directory: Кухни
2024-11-17 15:33:30 - Name: 211 Кухня+Прихожая, Extension: BLF, Is directory: False, Parrent directory: Кухни
2024-11-17 15:33:30 - Name: 220 Кухня 1, Extension: blf, Is directory: False, Parrent directory: Кухни
2024-11-17 15:33:30 - Name: 226 Кухня, Extension: BLF, Is directory: False, Parrent directory: Кухни
2024-11-17 15:33:30 - Name: 243 Корпуса кухонные, Extension: BLF, Is directory: False, Parrent directory: Кухни
2024-11-17 15:33:30 - Name: 246 Кухня дополнение, Extension: BLF, Is directory: False, Parrent directory: Кухни
2024-11-17 15:33:30 - Name: 252 Корпуса кухонные, Extension: BLF, Is directory: False, Parrent directory: Кухни
2024-11-17 15:33:30 - Name: 262 Кухня, Extension: BLF, Is directory: False, Parrent directory: Кухни
2024-11-17 15:33:30 - Name: 271 Мойка, Extension: BLF, Is directory: False, Parrent directory: Кухни
2024-11-17 15:33:30 - Name: 285 Кухня, Extension: BLF, Is directory: False, Parrent directory: Кухни
2024-11-17 15:33:30 - Name: 298 Кухня, Extension: BLF, Is directory: False, Parrent directory: Кухни
2024-11-17 15:33:30 - Name: 307 Кухня, Extension: BLF, Is directory: False, Parrent directory: Кухни
2024-11-17 15:33:30 - Name: 347 Кухня, Extension: BLF, Is directory: False, Parrent directory: Кухни
2024-11-17 15:33:30 - Name: 370 Кухня, Extension: BLF, Is directory: False, Parrent directory: Кухни
2024-11-17 15:33:30 - Name: 372 Мойка, Extension: BLF, Is directory: False, Parrent directory: Кухни
2024-11-17 15:33:30 - Name: 377 Корпуса кухонные, Extension: BLF, Is directory: False, Parrent directory: Кухни
2024-11-17 15:33:30 - Name: 382 Кухня, Extension: BLF, Is directory: False, Parrent directory: Кухни
2024-11-17 15:33:30 - Name: 395 Мебель кухонная, Extension: blf, Is directory: False, Parrent directory: Кухни
2024-11-17 15:33:30 - Name: 403 Кухня, Extension: blf, Is directory: False, Parrent directory: Кухни
2024-11-17 15:33:30 - Name: 403Кухня, Extension: blf, Is directory: False, Parrent directory: Кухни
2024-11-17 15:33:30 - Name: 417 Стол кухонный, Extension: blf, Is directory: False, Parrent directory: Кухни
2024-11-17 15:33:30 - Name: 418 Кор кух Верх, Extension: blf, Is directory: False, Parrent directory: Кухни
2024-11-17 15:33:30 - Name: 418 Корпуса кух Низ, Extension: blf, Is directory: False, Parrent directory: Кухни
2024-11-17 15:33:30 - Name: 419 Кухня, Extension: blf, Is directory: False, Parrent directory: Кухни
2024-11-17 15:33:30 - Name: 420 Кухня, Extension: blf, Is directory: False, Parrent directory: Кухни
2024-11-17 15:33:30 - Name: 424 Кухня Верх, Extension: blf, Is directory: False, Parrent directory: Кухни
2024-11-17 15:33:30 - Name: 424 Кухня Низ, Extension: blf, Is directory: False, Parrent directory: Кухни
2024-11-17 15:33:30 - Name: 434 Кухня, Extension: blf, Is directory: False, Parrent directory: Кухни
2024-11-17 15:33:30 - Name: 438 Кухня, Extension: blf, Is directory: False, Parrent directory: Кухни
2024-11-17 15:33:30 - Name: 442 Мебель кухонная, Extension: blf, Is directory: False, Parrent directory: Кухни
2024-11-17 15:33:30 - Name: 458 Кухня, Extension: $$$, Is directory: False, Parrent directory: Кухни
2024-11-17 15:33:30 - Name: 458 Кухня, Extension: blf, Is directory: False, Parrent directory: Кухни
2024-11-17 15:33:30 - Name: 465Кухня, Extension: blf, Is directory: False, Parrent directory: Кухни
2024-11-17 15:33:30 - Name: 471Кухня, Extension: blf, Is directory: False, Parrent directory: Кухни
2024-11-17 15:33:30 - Name: 474 Кухня П, Extension: blf, Is directory: False, Parrent directory: Кухни
2024-11-17 15:33:30 - Name: 5 Освещение, Extension: BLF, Is directory: False, Parrent directory: Кухни
2024-11-17 15:33:30 - Name: 51 Столы кухонные, Extension: BLF, Is directory: False, Parrent directory: Кухни
2024-11-17 15:33:30 - Name: 52 Мойки, Extension: BLF, Is directory: False, Parrent directory: Кухни
2024-11-17 15:33:30 - Name: 52 Мойки, Extension: bln, Is directory: False, Parrent directory: Кухни
2024-11-17 15:33:30 - Name: 53 Угловые элементы низ, Extension: BLF, Is directory: False, Parrent directory: Кухни
2024-11-17 15:33:30 - Name: 54 Шкафы кухонные, Extension: BLF, Is directory: False, Parrent directory: Кухни
2024-11-17 15:33:30 - Name: 55 Сушилки, Extension: BLF, Is directory: False, Parrent directory: Кухни
2024-11-17 15:33:30 - Name: 56 Угловые элементы верх, Extension: BLF, Is directory: False, Parrent directory: Кухни
2024-11-17 15:33:30 - Name: 560 Кухня, Extension: blf, Is directory: False, Parrent directory: Кухни
2024-11-17 15:33:30 - Name: 57 Колонки, Extension: BLF, Is directory: False, Parrent directory: Кухни
2024-11-17 15:33:30 - Name: 58 Кзр, Extension: BLF, Is directory: False, Parrent directory: Кухни
2024-11-17 15:33:30 - Name: 589 Кухня, Extension: blf, Is directory: False, Parrent directory: Кухни
2024-11-17 15:33:30 - Name: 598 Кухня, Extension: blf, Is directory: False, Parrent directory: Кухни
2024-11-17 15:33:30 - Name: 601 Кухня, Extension: blf, Is directory: False, Parrent directory: Кухни
2024-11-17 15:33:30 - Name: 607 Кухня, Extension: blf, Is directory: False, Parrent directory: Кухни
2024-11-17 15:33:30 - Name: 609 Кухня, Extension: blf, Is directory: False, Parrent directory: Кухни
2024-11-17 15:33:30 - Name: 673 Кухня, Extension: blf, Is directory: False, Parrent directory: Кухни
2024-11-17 15:33:30 - Name: 685 Кухня, Extension: blf, Is directory: False, Parrent directory: Кухни
2024-11-17 15:33:30 - Name: 717 Кухня, Extension: blf, Is directory: False, Parrent directory: Кухни
2024-11-17 15:33:30 - Name: 746 Кухня, Extension: blf, Is directory: False, Parrent directory: Кухни
2024-11-17 15:33:30 - Name: 748 Кухня, Extension: blf, Is directory: False, Parrent directory: Кухни
2024-11-17 15:33:30 - Name: 760 Кухня, Extension: blf, Is directory: False, Parrent directory: Кухни
2024-11-17 15:33:30 - Name: 801 Кухня, Extension: blf, Is directory: False, Parrent directory: Кухни
2024-11-17 15:33:30 - Name: 802 Кухня, Extension: blf, Is directory: False, Parrent directory: Кухни
2024-11-17 15:33:30 - Name: 90 Уголок кухонный, Extension: BLF, Is directory: False, Parrent directory: Кухни
2024-11-17 15:33:30 - Name: Кухня 05, Extension: BLF, Is directory: False, Parrent directory: Кухни
2024-11-17 15:33:30 - Name: Кухня 06, Extension: BLF, Is directory: False, Parrent directory: Кухни
2024-11-17 15:33:30 - Name: Кухня 07, Extension: BLF, Is directory: False, Parrent directory: Кухни
2024-11-17 15:33:30 - Name: Кухня 08, Extension: BLF, Is directory: False, Parrent directory: Кухни
2024-11-17 15:33:30 - Name: Кухня 09, Extension: BLF, Is directory: False, Parrent directory: Кухни
2024-11-17 15:33:30 - Name: Кухня 10, Extension: BLF, Is directory: False, Parrent directory: Кухни
2024-11-17 15:33:30 - Name: Кухня 11, Extension: BLF, Is directory: False, Parrent directory: Кухни
2024-11-17 15:33:30 - Name: Кухня 12, Extension: BLF, Is directory: False, Parrent directory: Кухни
2024-11-17 15:33:30 - Name: Кухня 13, Extension: BLF, Is directory: False, Parrent directory: Кухни
2024-11-17 15:33:30 - Name: Кухня 14, Extension: BLF, Is directory: False, Parrent directory: Кухни
2024-11-17 15:33:30 - Name: Кухня 15, Extension: BLF, Is directory: False, Parrent directory: Кухни
2024-11-17 15:33:30 - Name: Кухня 16, Extension: BLF, Is directory: False, Parrent directory: Кухни
2024-11-17 15:33:30 - Name: Кухня 17, Extension: BLF, Is directory: False, Parrent directory: Кухни
2024-11-17 15:33:30 - Name: Кухня 18, Extension: BLF, Is directory: False, Parrent directory: Кухни
2024-11-17 15:33:30 - Name: Кухня 19, Extension: BLF, Is directory: False, Parrent directory: Кухни
2024-11-17 15:33:30 - Name: Кухня 20, Extension: BLF, Is directory: False, Parrent directory: Кухни
2024-11-17 15:33:30 - Name: Кухня 21, Extension: BLF, Is directory: False, Parrent directory: Кухни
2024-11-17 15:33:30 - Name: Офисная, Extension: , Is directory: True, Parrent directory: Библиотеки
2024-11-17 15:33:30 - Name: 040 Офисная мебель, Extension: BLF, Is directory: False, Parrent directory: Офисная
2024-11-17 15:33:30 - Name: 046 Офисная мебель, Extension: BLF, Is directory: False, Parrent directory: Офисная
2024-11-17 15:33:30 - Name: 061 Офисная мебель 2, Extension: BLF, Is directory: False, Parrent directory: Офисная
2024-11-17 15:33:30 - Name: 069 Офисная мебель, Extension: BLF, Is directory: False, Parrent directory: Офисная
2024-11-17 15:33:30 - Name: 091 Офисная мебель, Extension: BLF, Is directory: False, Parrent directory: Офисная
2024-11-17 15:33:30 - Name: 094 Ящик для ключей, Extension: BLF, Is directory: False, Parrent directory: Офисная
2024-11-17 15:33:30 - Name: 097 Офисная мебель, Extension: BLF, Is directory: False, Parrent directory: Офисная
2024-11-17 15:33:30 - Name: 103 Оф меб, Extension: BLF, Is directory: False, Parrent directory: Офисная
2024-11-17 15:33:30 - Name: 114 Офисная мебель, Extension: BLF, Is directory: False, Parrent directory: Офисная
2024-11-17 15:33:30 - Name: 117 Офисная мебель 1, Extension: BLF, Is directory: False, Parrent directory: Офисная
2024-11-17 15:33:30 - Name: 117 Офисная мебель 2, Extension: BLF, Is directory: False, Parrent directory: Офисная
2024-11-17 15:33:30 - Name: 117 Офисная мебель 3, Extension: BLF, Is directory: False, Parrent directory: Офисная
2024-11-17 15:33:30 - Name: 121 Офисная мебель, Extension: BLF, Is directory: False, Parrent directory: Офисная
2024-11-17 15:33:30 - Name: 126 Офисная мебель, Extension: BLF, Is directory: False, Parrent directory: Офисная
2024-11-17 15:33:30 - Name: 133 Офисная мебель, Extension: BLF, Is directory: False, Parrent directory: Офисная
2024-11-17 15:33:30 - Name: 138 Стойка вахтеров, Extension: BLF, Is directory: False, Parrent directory: Офисная
2024-11-17 15:33:30 - Name: 149 Тумба офисная, Extension: BLF, Is directory: False, Parrent directory: Офисная
2024-11-17 15:33:30 - Name: 156 Офисная мебель, Extension: BLF, Is directory: False, Parrent directory: Офисная
2024-11-17 15:33:30 - Name: 170 Офисная мебель, Extension: BLF, Is directory: False, Parrent directory: Офисная
2024-11-17 15:33:30 - Name: 215 Офисная мебель, Extension: BLF, Is directory: False, Parrent directory: Офисная
2024-11-17 15:33:30 - Name: 216 Офисная меб, Extension: BLF, Is directory: False, Parrent directory: Офисная
2024-11-17 15:33:30 - Name: 216 Офисная мебель К2 К3, Extension: BLF, Is directory: False, Parrent directory: Офисная
2024-11-17 15:33:30 - Name: 218 Офисная мебель, Extension: BLF, Is directory: False, Parrent directory: Офисная
2024-11-17 15:33:30 - Name: 222 Офисная мебель, Extension: BLF, Is directory: False, Parrent directory: Офисная
2024-11-17 15:33:30 - Name: 223 Офисная мебель, Extension: BLF, Is directory: False, Parrent directory: Офисная
2024-11-17 15:33:30 - Name: 234 Офисная мебель, Extension: BLF, Is directory: False, Parrent directory: Офисная
2024-11-17 15:33:30 - Name: 239 Офисная мебель, Extension: BLF, Is directory: False, Parrent directory: Офисная
2024-11-17 15:33:30 - Name: 244 Офисная мебель , Extension: BLF, Is directory: False, Parrent directory: Офисная
2024-11-17 15:33:30 - Name: 244 Офисная мебель руковод, Extension: BLF, Is directory: False, Parrent directory: Офисная
2024-11-17 15:33:30 - Name: 248 Офисная мебель, Extension: BLF, Is directory: False, Parrent directory: Офисная
2024-11-17 15:33:30 - Name: 249 Офисная мебель, Extension: BLF, Is directory: False, Parrent directory: Офисная
2024-11-17 15:33:30 - Name: 273 Шкаф для бумаг, Extension: BLF, Is directory: False, Parrent directory: Офисная
2024-11-17 15:33:30 - Name: 275 Офисная мебель Каб, Extension: BLF, Is directory: False, Parrent directory: Офисная
2024-11-17 15:33:30 - Name: 275 Офисная мебель Пр, Extension: BLF, Is directory: False, Parrent directory: Офисная
2024-11-17 15:33:30 - Name: 277 Офисная мебель, Extension: BLF, Is directory: False, Parrent directory: Офисная
2024-11-17 15:33:30 - Name: 289 Офисная мебель, Extension: BLF, Is directory: False, Parrent directory: Офисная
2024-11-17 15:33:30 - Name: 303 Рабочее место и стенка, Extension: BLF, Is directory: False, Parrent directory: Офисная
2024-11-17 15:33:30 - Name: 305 Офисная мебель, Extension: BLF, Is directory: False, Parrent directory: Офисная
2024-11-17 15:33:30 - Name: 306 Офисная мебель, Extension: BLF, Is directory: False, Parrent directory: Офисная
2024-11-17 15:33:30 - Name: 310 Офисная мебель, Extension: BLF, Is directory: False, Parrent directory: Офисная
2024-11-17 15:33:30 - Name: 315 Стенка, Extension: BLF, Is directory: False, Parrent directory: Офисная
2024-11-17 15:33:30 - Name: 316 Офисная мебель, Extension: BLF, Is directory: False, Parrent directory: Офисная
2024-11-17 15:33:30 - Name: 324 Офисная мебель, Extension: BLF, Is directory: False, Parrent directory: Офисная
2024-11-17 15:33:30 - Name: 335 шкаф для бумаг, Extension: BLF, Is directory: False, Parrent directory: Офисная
2024-11-17 15:33:30 - Name: 351 Шкафы, Extension: BLF, Is directory: False, Parrent directory: Офисная
2024-11-17 15:33:30 - Name: 355 Стеллаж, Extension: BLF, Is directory: False, Parrent directory: Офисная
2024-11-17 15:33:30 - Name: 356 Офисная мебель, Extension: BLF, Is directory: False, Parrent directory: Офисная
2024-11-17 15:33:30 - Name: 358 Комн переговоров, Extension: blf, Is directory: False, Parrent directory: Офисная
2024-11-17 15:33:30 - Name: 358 Офисная мебель Отделы, Extension: blf, Is directory: False, Parrent directory: Офисная
2024-11-17 15:33:30 - Name: 358 Раздевалка, Extension: blf, Is directory: False, Parrent directory: Офисная
2024-11-17 15:33:30 - Name: 371 ОМ Бухгалтерия, Extension: blf, Is directory: False, Parrent directory: Офисная
2024-11-17 15:33:30 - Name: 371 ОМ Отдел сбыта, Extension: blf, Is directory: False, Parrent directory: Офисная
2024-11-17 15:33:30 - Name: 371 ОМ Отдел снабжения, Extension: blf, Is directory: False, Parrent directory: Офисная
2024-11-17 15:33:30 - Name: 371 Офисная мебель, Extension: BLF, Is directory: False, Parrent directory: Офисная
2024-11-17 15:33:30 - Name: 379 Офисная мебель, Extension: BLF, Is directory: False, Parrent directory: Офисная
2024-11-17 15:33:30 - Name: 386 Офисная мебель, Extension: blf, Is directory: False, Parrent directory: Офисная
2024-11-17 15:33:30 - Name: 389 Офисная мебель, Extension: blf, Is directory: False, Parrent directory: Офисная
2024-11-17 15:33:30 - Name: 390 Офисная мебель, Extension: blf, Is directory: False, Parrent directory: Офисная
2024-11-17 15:33:30 - Name: 390 Офисная мебель2, Extension: blf, Is directory: False, Parrent directory: Офисная
2024-11-17 15:33:30 - Name: 398 Офисная мебель, Extension: blf, Is directory: False, Parrent directory: Офисная
2024-11-17 15:33:30 - Name: 398 Офисная мебель2, Extension: blf, Is directory: False, Parrent directory: Офисная
2024-11-17 15:33:30 - Name: 415 Офисная мебель, Extension: blf, Is directory: False, Parrent directory: Офисная
2024-11-17 15:33:30 - Name: 430 Офисная мебель, Extension: blf, Is directory: False, Parrent directory: Офисная
2024-11-17 15:33:30 - Name: 437 Офисная мебель, Extension: blf, Is directory: False, Parrent directory: Офисная
2024-11-17 15:33:30 - Name: 453 Офисная мебель, Extension: blf, Is directory: False, Parrent directory: Офисная
2024-11-17 15:33:30 - Name: 455 Офисная мебель, Extension: blf, Is directory: False, Parrent directory: Офисная
2024-11-17 15:33:30 - Name: 469 Офисная мебель, Extension: blf, Is directory: False, Parrent directory: Офисная
2024-11-17 15:33:30 - Name: 476 Офисная мебель, Extension: blf, Is directory: False, Parrent directory: Офисная
2024-11-17 15:33:30 - Name: 498 Пюпитр, Extension: blf, Is directory: False, Parrent directory: Офисная
2024-11-17 15:33:30 - Name: 512 Офисная мебель, Extension: blf, Is directory: False, Parrent directory: Офисная
2024-11-17 15:33:30 - Name: 535 Офисная мебель, Extension: blf, Is directory: False, Parrent directory: Офисная
2024-11-17 15:33:30 - Name: 536 Офисная мебель, Extension: blf, Is directory: False, Parrent directory: Офисная
2024-11-17 15:33:30 - Name: 58 Витрины, Extension: BLF, Is directory: False, Parrent directory: Офисная
2024-11-17 15:33:30 - Name: 58 дополнения 1, Extension: BLF, Is directory: False, Parrent directory: Офисная
2024-11-17 15:33:30 - Name: 58 дополнения 2, Extension: BLF, Is directory: False, Parrent directory: Офисная
2024-11-17 15:33:30 - Name: 58 дополнения 3, Extension: BLF, Is directory: False, Parrent directory: Офисная
2024-11-17 15:33:30 - Name: 58 дополнения 4, Extension: BLF, Is directory: False, Parrent directory: Офисная
2024-11-17 15:33:30 - Name: 58 Монтаж, Extension: BLF, Is directory: False, Parrent directory: Офисная
2024-11-17 15:33:30 - Name: 58 Офисная Мебель 8 9, Extension: BLF, Is directory: False, Parrent directory: Офисная
2024-11-17 15:33:30 - Name: 58 Офисная Мебель1, Extension: BLF, Is directory: False, Parrent directory: Офисная
2024-11-17 15:33:30 - Name: 58 Офисная Мебель10 11 12, Extension: BLF, Is directory: False, Parrent directory: Офисная
2024-11-17 15:33:30 - Name: 58 Офисная Мебель13 14 Тр, Extension: BLF, Is directory: False, Parrent directory: Офисная
2024-11-17 15:33:30 - Name: 58 Офисная Мебель15 16 17, Extension: BLF, Is directory: False, Parrent directory: Офисная
2024-11-17 15:33:30 - Name: 58 Офисная Мебель4 5 КЗ, Extension: BLF, Is directory: False, Parrent directory: Офисная
2024-11-17 15:33:30 - Name: 58 Офисная Мебель7 6, Extension: BLF, Is directory: False, Parrent directory: Офисная
2024-11-17 15:33:30 - Name: 590 Офисная мебель, Extension: blf, Is directory: False, Parrent directory: Офисная
2024-11-17 15:33:30 - Name: 605 Стойка офисная, Extension: blf, Is directory: False, Parrent directory: Офисная
2024-11-17 15:33:30 - Name: 608 Офисная мебель, Extension: blf, Is directory: False, Parrent directory: Офисная
2024-11-17 15:33:30 - Name: 61 Офисная мебель, Extension: BLF, Is directory: False, Parrent directory: Офисная
2024-11-17 15:33:30 - Name: 631 Офисная мебель, Extension: blf, Is directory: False, Parrent directory: Офисная
2024-11-17 15:33:30 - Name: 642 Офисная мебель, Extension: blf, Is directory: False, Parrent directory: Офисная
2024-11-17 15:33:30 - Name: 688 Офисная мебель, Extension: blf, Is directory: False, Parrent directory: Офисная
2024-11-17 15:33:30 - Name: 733 Офисная мебель, Extension: blf, Is directory: False, Parrent directory: Офисная
2024-11-17 15:33:30 - Name: 768 Офисная мебель, Extension: blf, Is directory: False, Parrent directory: Офисная
2024-11-17 15:33:30 - Name: 790 Офисная мебель, Extension: blf, Is directory: False, Parrent directory: Офисная
2024-11-17 15:33:30 - Name: 794 Офисная мебель, Extension: blf, Is directory: False, Parrent directory: Офисная
2024-11-17 15:33:30 - Name: 811 Офисная мебель, Extension: blf, Is directory: False, Parrent directory: Офисная
2024-11-17 15:33:30 - Name: Кабинет, Extension: , Is directory: True, Parrent directory: Офисная
2024-11-17 15:33:30 - Name: 043 Кабинет, Extension: BLF, Is directory: False, Parrent directory: Кабинет
2024-11-17 15:33:30 - Name: 115 Кабинет, Extension: BLF, Is directory: False, Parrent directory: Кабинет
2024-11-17 15:33:30 - Name: 190 Кабинет, Extension: BLF, Is directory: False, Parrent directory: Кабинет
2024-11-17 15:33:30 - Name: 367 Кабинет, Extension: BLF, Is directory: False, Parrent directory: Кабинет
2024-11-17 15:33:30 - Name: 431 Кабинет, Extension: blf, Is directory: False, Parrent directory: Кабинет
2024-11-17 15:33:30 - Name: 447 Кабинет, Extension: blf, Is directory: False, Parrent directory: Кабинет
2024-11-17 15:33:30 - Name: Офисная_содержание, Extension: blf, Is directory: False, Parrent directory: Офисная
2024-11-17 15:33:30 - Name: Приемная, Extension: , Is directory: True, Parrent directory: Офисная
2024-11-17 15:33:30 - Name: 114 Приемная, Extension: BLF, Is directory: False, Parrent directory: Приемная
2024-11-17 15:33:30 - Name: 447 Приемная, Extension: blf, Is directory: False, Parrent directory: Приемная
2024-11-17 15:33:30 - Name: Стеллаж продюссер, Extension: BLF, Is directory: False, Parrent directory: Офисная
2024-11-17 15:33:30 - Name: Столы, Extension: , Is directory: True, Parrent directory: Офисная
2024-11-17 15:33:30 - Name: 062 Стол, Extension: BLF, Is directory: False, Parrent directory: Столы
2024-11-17 15:33:30 - Name: 073 Столы, Extension: BLF, Is directory: False, Parrent directory: Столы
2024-11-17 15:33:30 - Name: 110 Компстолы, Extension: BLF, Is directory: False, Parrent directory: Столы
2024-11-17 15:33:30 - Name: 112 Компстол высокий, Extension: BLF, Is directory: False, Parrent directory: Столы
2024-11-17 15:33:30 - Name: 113 Компстол, Extension: BLF, Is directory: False, Parrent directory: Столы
2024-11-17 15:33:30 - Name: 116 Компстол, Extension: BLF, Is directory: False, Parrent directory: Столы
2024-11-17 15:33:30 - Name: 130 Компстол, Extension: BLF, Is directory: False, Parrent directory: Столы
2024-11-17 15:33:30 - Name: 167 Столы, Extension: BLF, Is directory: False, Parrent directory: Столы
2024-11-17 15:33:30 - Name: 185 Компстол вешалка, Extension: BLF, Is directory: False, Parrent directory: Столы
2024-11-17 15:33:30 - Name: 195 Стол круглый, Extension: BLF, Is directory: False, Parrent directory: Столы
2024-11-17 15:33:30 - Name: 204 Компстол, Extension: BLF, Is directory: False, Parrent directory: Столы
2024-11-17 15:33:30 - Name: 213 Стол компьютерный, Extension: BLF, Is directory: False, Parrent directory: Столы
2024-11-17 15:33:30 - Name: 236 Столы, Extension: BLF, Is directory: False, Parrent directory: Столы
2024-11-17 15:33:30 - Name: 238 Стол компьютерный, Extension: BLF, Is directory: False, Parrent directory: Столы
2024-11-17 15:33:30 - Name: 244 Столы, Extension: BLF, Is directory: False, Parrent directory: Столы
2024-11-17 15:33:30 - Name: 251 Столы, Extension: BLF, Is directory: False, Parrent directory: Столы
2024-11-17 15:33:30 - Name: 264 Стол компьютерный, Extension: BLF, Is directory: False, Parrent directory: Столы
2024-11-17 15:33:30 - Name: 272 Стол компьютерный, Extension: BLF, Is directory: False, Parrent directory: Столы
2024-11-17 15:33:30 - Name: 281 Стол, Extension: BLF, Is directory: False, Parrent directory: Столы
2024-11-17 15:33:30 - Name: 302 Стол компьютерный, Extension: BLF, Is directory: False, Parrent directory: Столы
2024-11-17 15:33:30 - Name: 311 Стол, Extension: BLF, Is directory: False, Parrent directory: Столы
2024-11-17 15:33:30 - Name: 362 Компстол, Extension: BLF, Is directory: False, Parrent directory: Столы
2024-11-17 15:33:30 - Name: 364 Столы, Extension: blf, Is directory: False, Parrent directory: Столы
2024-11-17 15:33:30 - Name: 388 Столы, Extension: blf, Is directory: False, Parrent directory: Столы
2024-11-17 15:33:30 - Name: 409 Столы, Extension: blf, Is directory: False, Parrent directory: Столы
2024-11-17 15:33:30 - Name: 415 Столы, Extension: blf, Is directory: False, Parrent directory: Столы
2024-11-17 15:33:30 - Name: 431 Столы, Extension: blf, Is directory: False, Parrent directory: Столы
2024-11-17 15:33:30 - Name: 437 Стол, Extension: blf, Is directory: False, Parrent directory: Столы
2024-11-17 15:33:30 - Name: 455 Стол, Extension: blf, Is directory: False, Parrent directory: Столы
2024-11-17 15:33:30 - Name: 459 Столы, Extension: blf, Is directory: False, Parrent directory: Столы
2024-11-17 15:33:30 - Name: 470 Стол, Extension: blf, Is directory: False, Parrent directory: Столы
2024-11-17 15:33:30 - Name: 483 Компстол, Extension: blf, Is directory: False, Parrent directory: Столы
2024-11-17 15:33:30 - Name: 535 Столы, Extension: blf, Is directory: False, Parrent directory: Столы
2024-11-17 15:33:30 - Name: 58 Стол, Extension: BLF, Is directory: False, Parrent directory: Столы
2024-11-17 15:33:30 - Name: 62 Стол ГГТ1, Extension: BLF, Is directory: False, Parrent directory: Столы
2024-11-17 15:33:30 - Name: 73 Столы ГГТ2, Extension: BLF, Is directory: False, Parrent directory: Столы
2024-11-17 15:33:30 - Name: 763 Шоу-стол, Extension: blf, Is directory: False, Parrent directory: Столы
2024-11-17 15:33:30 - Name: Компкласс, Extension: BLF, Is directory: False, Parrent directory: Столы
2024-11-17 15:33:30 - Name: Компстолы, Extension: BLF, Is directory: False, Parrent directory: Столы
2024-11-17 15:33:30 - Name: СТОЛЫ, Extension: BLF, Is directory: False, Parrent directory: Столы
2024-11-17 15:33:30 - Name: Эксклюзив, Extension: BLF, Is directory: False, Parrent directory: Офисная
2024-11-17 15:33:30 - Name: Торговое, Extension: , Is directory: True, Parrent directory: Библиотеки
2024-11-17 15:33:30 - Name: 057 Шкаф заказа, Extension: BLF, Is directory: False, Parrent directory: Торговое
2024-11-17 15:33:30 - Name: 063 Торговое оборудование, Extension: BLF, Is directory: False, Parrent directory: Торговое
2024-11-17 15:33:30 - Name: 081 Стеллаж для длинномеров, Extension: BLF, Is directory: False, Parrent directory: Торговое
2024-11-17 15:33:30 - Name: 089 Торговое оборудование, Extension: BLF, Is directory: False, Parrent directory: Торговое
2024-11-17 15:33:30 - Name: 101 Бар, Extension: BLF, Is directory: False, Parrent directory: Торговое
2024-11-17 15:33:30 - Name: 102 Торговое оборудование, Extension: BLF, Is directory: False, Parrent directory: Торговое
2024-11-17 15:33:30 - Name: 108 Подиум, Extension: BLF, Is directory: False, Parrent directory: Торговое
2024-11-17 15:33:30 - Name: 122 Витрины, Extension: BLF, Is directory: False, Parrent directory: Торговое
2024-11-17 15:33:30 - Name: 125 Прилавки, Extension: BLF, Is directory: False, Parrent directory: Торговое
2024-11-17 15:33:30 - Name: 127 Прилавки, Extension: BLF, Is directory: False, Parrent directory: Торговое
2024-11-17 15:33:30 - Name: 128 Торг Оборуд, Extension: BLF, Is directory: False, Parrent directory: Торговое
2024-11-17 15:33:30 - Name: 128 Торговое оборудование, Extension: BLF, Is directory: False, Parrent directory: Торговое
2024-11-17 15:33:30 - Name: 150 Пирамида, Extension: BLF, Is directory: False, Parrent directory: Торговое
2024-11-17 15:33:30 - Name: 177 Торговое оборудование, Extension: BLF, Is directory: False, Parrent directory: Торговое
2024-11-17 15:33:30 - Name: 178 Стенды для ручек, Extension: BLF, Is directory: False, Parrent directory: Торговое
2024-11-17 15:33:30 - Name: 181 Магазин Оптика, Extension: BLF, Is directory: False, Parrent directory: Торговое
2024-11-17 15:33:30 - Name: 199 Шкаф-бар, Extension: BLF, Is directory: False, Parrent directory: Торговое
2024-11-17 15:33:30 - Name: 200 Торг Оборуд, Extension: BLF, Is directory: False, Parrent directory: Торговое
2024-11-17 15:33:30 - Name: 203 Торговое оборудование, Extension: BLF, Is directory: False, Parrent directory: Торговое
2024-11-17 15:33:30 - Name: 206 Торговое оборудование, Extension: BLF, Is directory: False, Parrent directory: Торговое
2024-11-17 15:33:30 - Name: 208 Торговый стелаж, Extension: BLF, Is directory: False, Parrent directory: Торговое
2024-11-17 15:33:30 - Name: 210 Витрины, Extension: BLF, Is directory: False, Parrent directory: Торговое
2024-11-17 15:33:30 - Name: 214 Торгов оборуд, Extension: BLF, Is directory: False, Parrent directory: Торговое
2024-11-17 15:33:30 - Name: 214 Шкаф стеклянный, Extension: BLF, Is directory: False, Parrent directory: Торговое
2024-11-17 15:33:30 - Name: 232 Сигаретница, Extension: BLF, Is directory: False, Parrent directory: Торговое
2024-11-17 15:33:30 - Name: 233 Стелаж книжный, Extension: BLF, Is directory: False, Parrent directory: Торговое
2024-11-17 15:33:30 - Name: 274 Торговое оборудование, Extension: BLF, Is directory: False, Parrent directory: Торговое
2024-11-17 15:33:30 - Name: 284 Торговое оборудование, Extension: BLF, Is directory: False, Parrent directory: Торговое
2024-11-17 15:33:30 - Name: 304 Киоск CD, Extension: BLF, Is directory: False, Parrent directory: Торговое
2024-11-17 15:33:30 - Name: 328 Сигаретницы, Extension: BLF, Is directory: False, Parrent directory: Торговое
2024-11-17 15:33:30 - Name: 330 Торговое оборудование, Extension: BLF, Is directory: False, Parrent directory: Торговое
2024-11-17 15:33:30 - Name: 337 Торгов оборуд, Extension: BLF, Is directory: False, Parrent directory: Торговое
2024-11-17 15:33:30 - Name: 346 Сигаретница 500х720, Extension: BLF, Is directory: False, Parrent directory: Торговое
2024-11-17 15:33:30 - Name: 349 Торговое оборудование, Extension: BLF, Is directory: False, Parrent directory: Торговое
2024-11-17 15:33:30 - Name: 361 Торговое оборудование, Extension: BLF, Is directory: False, Parrent directory: Торговое
2024-11-17 15:33:30 - Name: 368 Торговое оборудование, Extension: BLF, Is directory: False, Parrent directory: Торговое
2024-11-17 15:33:30 - Name: 375 Торговое оборудование, Extension: blf, Is directory: False, Parrent directory: Торговое
2024-11-17 15:33:30 - Name: 380 Барная стойка, Extension: BLF, Is directory: False, Parrent directory: Торговое
2024-11-17 15:33:30 - Name: 381 Стеллаж, Extension: blf, Is directory: False, Parrent directory: Торговое
2024-11-17 15:33:30 - Name: 385 Торговое оборудование прилавки, Extension: blf, Is directory: False, Parrent directory: Торговое
2024-11-17 15:33:30 - Name: 385 Торговое оборудование, Extension: blf, Is directory: False, Parrent directory: Торговое
2024-11-17 15:33:30 - Name: 387 Витрина сигар, Extension: blf, Is directory: False, Parrent directory: Торговое
2024-11-17 15:33:30 - Name: 397 Торговое оборудование2, Extension: blf, Is directory: False, Parrent directory: Торговое
2024-11-17 15:33:30 - Name: 406 Витрина, Extension: blf, Is directory: False, Parrent directory: Торговое
2024-11-17 15:33:30 - Name: 407 Короба, Extension: blf, Is directory: False, Parrent directory: Торговое
2024-11-17 15:33:30 - Name: 425 Торговое оборудование, Extension: blf, Is directory: False, Parrent directory: Торговое
2024-11-17 15:33:30 - Name: 452 Стол кассовый Подиум, Extension: blf, Is directory: False, Parrent directory: Торговое
2024-11-17 15:33:30 - Name: 485 Торговое оборудование, Extension: blf, Is directory: False, Parrent directory: Торговое
2024-11-17 15:33:30 - Name: 486 Торговое оборудование, Extension: blf, Is directory: False, Parrent directory: Торговое
2024-11-17 15:33:30 - Name: Витрина табачная, Extension: BLF, Is directory: False, Parrent directory: Торговое
2024-11-17 15:33:30 - Name: П32 Пл, Extension: BLF, Is directory: False, Parrent directory: Торговое
2024-11-17 15:33:30 - Name: П33 Сж, Extension: BLF, Is directory: False, Parrent directory: Торговое
2024-11-17 15:33:30 - Name: П34 Вт, Extension: BLF, Is directory: False, Parrent directory: Торговое
2024-11-17 15:33:30 - Name: ПРИЛАВКИ, Extension: BLF, Is directory: False, Parrent directory: Торговое
2024-11-17 15:33:30 - Name: Торговое оборудование, Extension: blf, Is directory: False, Parrent directory: Торговое
2024-11-17 15:33:30 - Name: Шкафы, Extension: , Is directory: True, Parrent directory: Библиотеки
2024-11-17 15:33:30 - Name: 131 Шкаф, Extension: BLF, Is directory: False, Parrent directory: Шкафы
2024-11-17 15:33:30 - Name: 191 Книжный шкаф 2шт, Extension: BLF, Is directory: False, Parrent directory: Шкафы
2024-11-17 15:33:30 - Name: 194 Шкаф, Extension: BLF, Is directory: False, Parrent directory: Шкафы
2024-11-17 15:33:30 - Name: 219 Шкаф, Extension: BLF, Is directory: False, Parrent directory: Шкафы
2024-11-17 15:33:30 - Name: 259 Шкаф, Extension: BLF, Is directory: False, Parrent directory: Шкафы
2024-11-17 15:33:30 - Name: 266 Шкафы, Extension: BLF, Is directory: False, Parrent directory: Шкафы
2024-11-17 15:33:30 - Name: 309 Шкаф и антресоль, Extension: BLF, Is directory: False, Parrent directory: Шкафы
2024-11-17 15:33:30 - Name: 312 Шкафы, Extension: BLF, Is directory: False, Parrent directory: Шкафы
2024-11-17 15:33:30 - Name: 329 Шкафчик, Extension: BLF, Is directory: False, Parrent directory: Шкафы
2024-11-17 15:33:30 - Name: 332 Шкафчик, Extension: BLF, Is directory: False, Parrent directory: Шкафы
2024-11-17 15:33:30 - Name: 357 Шкафчик, Extension: BLF, Is directory: False, Parrent directory: Шкафы
2024-11-17 15:33:30 - Name: 359 Шкаф, Extension: BLF, Is directory: False, Parrent directory: Шкафы
2024-11-17 15:33:30 - Name: 369 Шкаф, Extension: BLF, Is directory: False, Parrent directory: Шкафы
2024-11-17 15:33:30 - Name: 399 Шкаф, Extension: blf, Is directory: False, Parrent directory: Шкафы
2024-11-17 15:33:30 - Name: 400 Шкафы, Extension: blf, Is directory: False, Parrent directory: Шкафы
2024-11-17 15:33:30 - Name: 411 Шкаф, Extension: blf, Is directory: False, Parrent directory: Шкафы
2024-11-17 15:33:30 - Name: 464 Шкаф, Extension: blf, Is directory: False, Parrent directory: Шкафы
2024-11-17 15:33:30 - Name: 466 Шкаф, Extension: blf, Is directory: False, Parrent directory: Шкафы
2024-11-17 15:33:30 - Name: 472 Шкаф, Extension: blf, Is directory: False, Parrent directory: Шкафы
2024-11-17 15:33:30 - Name: П41 Шкафы тумбы, Extension: BLF, Is directory: False, Parrent directory: Шкафы
2024-11-17 15:33:30 - Name: П42 Шкафы, Extension: BLF, Is directory: False, Parrent directory: Шкафы
2024-11-17 15:33:30 - Name: П43 Шкафы книжные, Extension: BLF, Is directory: False, Parrent directory: Шкафы
2024-11-17 15:33:30 - Name: Шкаф базовый, Extension: BLF, Is directory: False, Parrent directory: Шкафы
2024-11-17 15:33:30 - Name: шкаф для бумаг, Extension: BLF, Is directory: False, Parrent directory: Шкафы
2024-11-17 15:33:30 - Name: Шкаф книжный, Extension: BLF, Is directory: False, Parrent directory: Шкафы
2024-11-17 15:33:30 - Name: Шкаф на балкон, Extension: BLF, Is directory: False, Parrent directory: Шкафы
2024-11-17 15:33:30 - Name: Шкаф угловой, Extension: BLF, Is directory: False, Parrent directory: Шкафы
2024-11-17 15:33:30 - Name: ШКАФЫ, Extension: BLF, Is directory: False, Parrent directory: Шкафы
2024-11-17 15:33:30 - Name: Шкафы_купе, Extension: , Is directory: True, Parrent directory: Шкафы
2024-11-17 15:33:30 - Name: 055 Шкаф купе + тумба обувная, Extension: BLF, Is directory: False, Parrent directory: Шкафы_купе
2024-11-17 15:33:30 - Name: 084 Шкафы купе, Extension: BLF, Is directory: False, Parrent directory: Шкафы_купе
2024-11-17 15:33:30 - Name: 139 ШК зеркальные, Extension: BLF, Is directory: False, Parrent directory: Шкафы_купе
2024-11-17 15:33:30 - Name: 140 Шкаф-купе радиусный, Extension: BLF, Is directory: False, Parrent directory: Шкафы_купе
2024-11-17 15:33:30 - Name: 144 ШКчб, Extension: BLF, Is directory: False, Parrent directory: Шкафы_купе
2024-11-17 15:33:30 - Name: 147 ШКб, Extension: BLF, Is directory: False, Parrent directory: Шкафы_купе
2024-11-17 15:33:30 - Name: 163 Шкаф-купе, Extension: BLF, Is directory: False, Parrent directory: Шкафы_купе
2024-11-17 15:33:30 - Name: 179 Шкаф-купе, Extension: BLF, Is directory: False, Parrent directory: Шкафы_купе
2024-11-17 15:33:30 - Name: 180 Шкаф-купе с угл элемент 2шт, Extension: BLF, Is directory: False, Parrent directory: Шкафы_купе
2024-11-17 15:33:30 - Name: 229 Шкаф купе БМ, Extension: BLF, Is directory: False, Parrent directory: Шкафы_купе
2024-11-17 15:33:30 - Name: 257 Шк К+Шк3, Extension: BLF, Is directory: False, Parrent directory: Шкафы_купе
2024-11-17 15:33:30 - Name: 269 Шкаф-купе, Extension: BLF, Is directory: False, Parrent directory: Шкафы_купе
2024-11-17 15:33:30 - Name: 288 Шкаф-купе, Extension: BLF, Is directory: False, Parrent directory: Шкафы_купе
2024-11-17 15:33:30 - Name: 290 Шкаф купе, Extension: BLF, Is directory: False, Parrent directory: Шкафы_купе
2024-11-17 15:33:30 - Name: 318 Шкаф-купе, Extension: BLF, Is directory: False, Parrent directory: Шкафы_купе
2024-11-17 15:33:30 - Name: 319 Шкаф-купе и стол компьютерный, Extension: BLF, Is directory: False, Parrent directory: Шкафы_купе
2024-11-17 15:33:30 - Name: 340 Шкаф купе, Extension: blf, Is directory: False, Parrent directory: Шкафы_купе
2024-11-17 15:33:30 - Name: 344 Шкаф-купе, Extension: BLF, Is directory: False, Parrent directory: Шкафы_купе
2024-11-17 15:33:30 - Name: 402 Шкаф купе, Extension: blf, Is directory: False, Parrent directory: Шкафы_купе
2024-11-17 15:33:30 - Name: 462 Шкафы-купе, Extension: blf, Is directory: False, Parrent directory: Шкафы_купе
2024-11-17 15:33:30 - Процесс сбора информации закончен
